
=ERROR REPORT==== 14-Sep-2013::09:01:34 ===
Dynamic compiler err /research/workspace/Erlang/macc_radar/www/ksp.yaws:39:
 syntax error before: '{'
generated file at: c:/Users/jphilips/AppData/Local/Temp/yaws/embedded/m2.erl

=ERROR REPORT==== 16-Sep-2013::10:10:21 ===
** Generic server <0.63.0> terminating 
** Last message in was {'EXIT',<0.43.0>,shutdown}
** When Server state == {comState,#Fun<inits.2.74395848>,
                                  {127,0,0,1},
                                  9001,#Fun<parsers.5.103063368>}
** Reason for termination == 
** {terminated,[{io,format,[<0.36.0>,"Server got shutdown~n",[]],[]},
                {gen_server,terminate,6,[{file,"gen_server.erl"},{line,719}]},
                {proc_lib,init_p_do_apply,3,
                          [{file,"proc_lib.erl"},{line,239}]}]}

=ERROR REPORT==== 16-Sep-2013::10:10:21 ===
** Generic server <0.47.0> terminating 
** Last message in was {'EXIT',<0.43.0>,shutdown}
** When Server state == {comState,#Fun<inits.5.74395848>,
                                  {127,0,0,1},
                                  9000,#Fun<parsers.1.103063368>}
** Reason for termination == 
** {terminated,[{io,format,[<0.36.0>,"Server got shutdown~n",[]],[]},
                {gen_server,terminate,6,[{file,"gen_server.erl"},{line,719}]},
                {proc_lib,init_p_do_apply,3,
                          [{file,"proc_lib.erl"},{line,239}]}]}

=ERROR REPORT==== 16-Sep-2013::10:10:21 ===
** Generic server <0.44.0> terminating 
** Last message in was {'EXIT',<0.43.0>,shutdown}
** When Server state == {comState,#Fun<inits.2.74395848>,
                                  {127,0,0,1},
                                  4567,#Fun<parsers.4.103063368>}
** Reason for termination == 
** {terminated,[{io,format,[<0.36.0>,"Server got shutdown~n",[]],[]},
                {gen_server,terminate,6,[{file,"gen_server.erl"},{line,719}]},
                {proc_lib,init_p_do_apply,3,
                          [{file,"proc_lib.erl"},{line,239}]}]}

=ERROR REPORT==== 16-Sep-2013::10:10:21 ===
** Generic server <0.69.0> terminating 
** Last message in was {'EXIT',<0.43.0>,shutdown}
** When Server state == {comState,#Fun<inits.4.74395848>,
                                  {127,0,0,1},
                                  9000,#Fun<parsers.8.103063368>}
** Reason for termination == 
** {terminated,[{io,format,[<0.36.0>,"Server got shutdown~n",[]],[]},
                {gen_server,terminate,6,[{file,"gen_server.erl"},{line,719}]},
                {proc_lib,init_p_do_apply,3,
                          [{file,"proc_lib.erl"},{line,239}]}]}

=ERROR REPORT==== 16-Sep-2013::10:10:21 ===
** Generic server <0.66.0> terminating 
** Last message in was {'EXIT',<0.43.0>,shutdown}
** When Server state == {comState,#Fun<inits.2.74395848>,
                                  {127,0,0,1},
                                  9002,#Fun<parsers.6.103063368>}
** Reason for termination == 
** {terminated,[{io,format,[<0.36.0>,"Server got shutdown~n",[]],[]},
                {gen_server,terminate,6,[{file,"gen_server.erl"},{line,719}]},
                {proc_lib,init_p_do_apply,3,
                          [{file,"proc_lib.erl"},{line,239}]}]}

=ERROR REPORT==== 16-Sep-2013::10:10:21 ===
** Generic server <0.42.0> terminating 
** Last message in was {'EXIT',<0.40.0>,shutdown}
** When Server state == {comState,#Fun<inits.3.74395848>,
                                  {127,0,0,1},
                                  4567,#Fun<parsers.3.103063368>}
** Reason for termination == 
** {terminated,[{io,format,
                    [<0.36.0>,"Client ~w got shutdown~n",
                     [{comState,#Fun<inits.3.74395848>,
                                {127,0,0,1},
                                4567,#Fun<parsers.3.103063368>}]],
                    []},
                {gen_server,terminate,6,[{file,"gen_server.erl"},{line,719}]},
                {proc_lib,init_p_do_apply,3,
                          [{file,"proc_lib.erl"},{line,239}]}]}

=ERROR REPORT==== 16-Sep-2013::10:10:21 ===
** Generic server <0.41.0> terminating 
** Last message in was {'EXIT',<0.40.0>,shutdown}
** When Server state == {comState,#Fun<inits.1.74395848>,
                                  {127,0,0,1},
                                  9204,#Fun<parsers.7.103063368>}
** Reason for termination == 
** {terminated,[{io,format,
                    [<0.36.0>,"Client ~w got shutdown~n",
                     [{comState,#Fun<inits.1.74395848>,
                                {127,0,0,1},
                                9204,#Fun<parsers.7.103063368>}]],
                    []},
                {gen_server,terminate,6,[{file,"gen_server.erl"},{line,719}]},
                {proc_lib,init_p_do_apply,3,
                          [{file,"proc_lib.erl"},{line,239}]}]}

=INFO REPORT==== 16-Sep-2013::10:10:21 ===
    application: modum_core
    exited: {bad_return,
                {{modum_main,start,[normal,[]]},
                 {[{exception,
                       {error,"Missing element in All before end-tag: link"}},
                   {stack,
                       [{all,
                            [{el,[{alt,coordinates,coordinatesType,[],1,1,
                                      true,undefined}],
                                 1,1,undefined,8}],
                            7,
                            {linkType,[],"-100170065",1,"1.898000e+01",
                                "1.389000e+01",
                                "697.60,1094.92 690.93,1112.69",
                                "Burwell Street","residential",undefined}},
                        topologyMap]},
                   {received,{endElement,[],"link",[]}}],
                  <0.39.0>}}}
    type: temporary

=INFO REPORT==== 16-Sep-2013::10:10:21 ===
stop_ready([], <0.59.0>)

=ERROR REPORT==== 16-Sep-2013::10:15:29 ===
** Generic server <0.63.0> terminating 
** Last message in was {'EXIT',<0.43.0>,shutdown}
** When Server state == {comState,#Fun<inits.2.74395848>,
                                  {127,0,0,1},
                                  9001,#Fun<parsers.5.103063368>}
** Reason for termination == 
** {terminated,[{io,format,[<0.36.0>,"Server got shutdown~n",[]],[]},
                {gen_server,terminate,6,[{file,"gen_server.erl"},{line,719}]},
                {proc_lib,init_p_do_apply,3,
                          [{file,"proc_lib.erl"},{line,239}]}]}

=ERROR REPORT==== 16-Sep-2013::10:15:29 ===
** Generic server <0.47.0> terminating 
** Last message in was {'EXIT',<0.43.0>,shutdown}
** When Server state == {comState,#Fun<inits.5.74395848>,
                                  {127,0,0,1},
                                  9000,#Fun<parsers.1.103063368>}
** Reason for termination == 
** {terminated,[{io,format,[<0.36.0>,"Server got shutdown~n",[]],[]},
                {gen_server,terminate,6,[{file,"gen_server.erl"},{line,719}]},
                {proc_lib,init_p_do_apply,3,
                          [{file,"proc_lib.erl"},{line,239}]}]}

=ERROR REPORT==== 16-Sep-2013::10:15:29 ===
** Generic server <0.44.0> terminating 
** Last message in was {'EXIT',<0.43.0>,shutdown}
** When Server state == {comState,#Fun<inits.2.74395848>,
                                  {127,0,0,1},
                                  4567,#Fun<parsers.4.103063368>}
** Reason for termination == 
** {terminated,[{io,format,[<0.36.0>,"Server got shutdown~n",[]],[]},
                {gen_server,terminate,6,[{file,"gen_server.erl"},{line,719}]},
                {proc_lib,init_p_do_apply,3,
                          [{file,"proc_lib.erl"},{line,239}]}]}

=ERROR REPORT==== 16-Sep-2013::10:15:29 ===
** Generic server <0.69.0> terminating 
** Last message in was {'EXIT',<0.43.0>,shutdown}
** When Server state == {comState,#Fun<inits.4.74395848>,
                                  {127,0,0,1},
                                  9000,#Fun<parsers.8.103063368>}
** Reason for termination == 
** {terminated,[{io,format,[<0.36.0>,"Server got shutdown~n",[]],[]},
                {gen_server,terminate,6,[{file,"gen_server.erl"},{line,719}]},
                {proc_lib,init_p_do_apply,3,
                          [{file,"proc_lib.erl"},{line,239}]}]}

=ERROR REPORT==== 16-Sep-2013::10:15:29 ===
** Generic server <0.66.0> terminating 
** Last message in was {'EXIT',<0.43.0>,shutdown}
** When Server state == {comState,#Fun<inits.2.74395848>,
                                  {127,0,0,1},
                                  9002,#Fun<parsers.6.103063368>}
** Reason for termination == 
** {terminated,[{io,format,[<0.36.0>,"Server got shutdown~n",[]],[]},
                {gen_server,terminate,6,[{file,"gen_server.erl"},{line,719}]},
                {proc_lib,init_p_do_apply,3,
                          [{file,"proc_lib.erl"},{line,239}]}]}

=ERROR REPORT==== 16-Sep-2013::10:15:29 ===
** Generic server <0.42.0> terminating 
** Last message in was {'EXIT',<0.40.0>,shutdown}
** When Server state == {comState,#Fun<inits.3.74395848>,
                                  {127,0,0,1},
                                  4567,#Fun<parsers.3.103063368>}
** Reason for termination == 
** {terminated,[{io,format,
                    [<0.36.0>,"Client ~w got shutdown~n",
                     [{comState,#Fun<inits.3.74395848>,
                                {127,0,0,1},
                                4567,#Fun<parsers.3.103063368>}]],
                    []},
                {gen_server,terminate,6,[{file,"gen_server.erl"},{line,719}]},
                {proc_lib,init_p_do_apply,3,
                          [{file,"proc_lib.erl"},{line,239}]}]}

=ERROR REPORT==== 16-Sep-2013::10:15:29 ===
** Generic server <0.41.0> terminating 
** Last message in was {'EXIT',<0.40.0>,shutdown}
** When Server state == {comState,#Fun<inits.1.74395848>,
                                  {127,0,0,1},
                                  9204,#Fun<parsers.7.103063368>}
** Reason for termination == 
** {terminated,[{io,format,
                    [<0.36.0>,"Client ~w got shutdown~n",
                     [{comState,#Fun<inits.1.74395848>,
                                {127,0,0,1},
                                9204,#Fun<parsers.7.103063368>}]],
                    []},
                {gen_server,terminate,6,[{file,"gen_server.erl"},{line,719}]},
                {proc_lib,init_p_do_apply,3,
                          [{file,"proc_lib.erl"},{line,239}]}]}

=INFO REPORT==== 16-Sep-2013::10:15:29 ===
    application: modum_core
    exited: {bad_return,
                {{modum_main,start,[normal,[]]},
                 {[{exception,
                       {error,"Missing element in All before end-tag: link"}},
                   {stack,
                       [{all,
                            [{el,[{alt,coordinates,coordinatesType,[],1,1,
                                      true,undefined}],
                                 1,1,undefined,8}],
                            7,
                            {linkType,[],"-100170065",1,"1.898000e+01",
                                "1.389000e+01",
                                "697.60,1094.92 690.93,1112.69",
                                "Burwell Street","residential",undefined}},
                        topologyMap]},
                   {received,{endElement,[],"link",[]}}],
                  <0.39.0>}}}
    type: temporary

=INFO REPORT==== 16-Sep-2013::10:15:29 ===
stop_ready([], <0.59.0>)

=ERROR REPORT==== 16-Sep-2013::14:00:16 ===
** Generic server <0.63.0> terminating 
** Last message in was {'EXIT',<0.43.0>,shutdown}
** When Server state == {comState,#Fun<inits.2.74395848>,
                                  {127,0,0,1},
                                  9001,#Fun<parsers.5.103063368>}
** Reason for termination == 
** {terminated,[{io,format,[<0.36.0>,"Server got shutdown~n",[]],[]},
                {gen_server,terminate,6,[{file,"gen_server.erl"},{line,719}]},
                {proc_lib,init_p_do_apply,3,
                          [{file,"proc_lib.erl"},{line,239}]}]}

=ERROR REPORT==== 16-Sep-2013::14:00:16 ===
** Generic server <0.47.0> terminating 
** Last message in was {'EXIT',<0.43.0>,shutdown}
** When Server state == {comState,#Fun<inits.5.74395848>,
                                  {127,0,0,1},
                                  9000,#Fun<parsers.1.103063368>}
** Reason for termination == 
** {terminated,[{io,format,[<0.36.0>,"Server got shutdown~n",[]],[]},
                {gen_server,terminate,6,[{file,"gen_server.erl"},{line,719}]},
                {proc_lib,init_p_do_apply,3,
                          [{file,"proc_lib.erl"},{line,239}]}]}

=ERROR REPORT==== 16-Sep-2013::14:00:16 ===
** Generic server <0.44.0> terminating 
** Last message in was {'EXIT',<0.43.0>,shutdown}
** When Server state == {comState,#Fun<inits.2.74395848>,
                                  {127,0,0,1},
                                  4567,#Fun<parsers.4.103063368>}
** Reason for termination == 
** {terminated,[{io,format,[<0.36.0>,"Server got shutdown~n",[]],[]},
                {gen_server,terminate,6,[{file,"gen_server.erl"},{line,719}]},
                {proc_lib,init_p_do_apply,3,
                          [{file,"proc_lib.erl"},{line,239}]}]}

=ERROR REPORT==== 16-Sep-2013::14:00:16 ===
** Generic server <0.69.0> terminating 
** Last message in was {'EXIT',<0.43.0>,shutdown}
** When Server state == {comState,#Fun<inits.4.74395848>,
                                  {127,0,0,1},
                                  9000,#Fun<parsers.8.103063368>}
** Reason for termination == 
** {terminated,[{io,format,[<0.36.0>,"Server got shutdown~n",[]],[]},
                {gen_server,terminate,6,[{file,"gen_server.erl"},{line,719}]},
                {proc_lib,init_p_do_apply,3,
                          [{file,"proc_lib.erl"},{line,239}]}]}

=ERROR REPORT==== 16-Sep-2013::14:00:16 ===
** Generic server <0.66.0> terminating 
** Last message in was {'EXIT',<0.43.0>,shutdown}
** When Server state == {comState,#Fun<inits.2.74395848>,
                                  {127,0,0,1},
                                  9002,#Fun<parsers.6.103063368>}
** Reason for termination == 
** {terminated,[{io,format,[<0.36.0>,"Server got shutdown~n",[]],[]},
                {gen_server,terminate,6,[{file,"gen_server.erl"},{line,719}]},
                {proc_lib,init_p_do_apply,3,
                          [{file,"proc_lib.erl"},{line,239}]}]}

=ERROR REPORT==== 16-Sep-2013::14:00:16 ===
** Generic server <0.42.0> terminating 
** Last message in was {'EXIT',<0.40.0>,shutdown}
** When Server state == {comState,#Fun<inits.3.74395848>,
                                  {127,0,0,1},
                                  4567,#Fun<parsers.3.103063368>}
** Reason for termination == 
** {terminated,[{io,format,
                    [<0.36.0>,"Client ~w got shutdown~n",
                     [{comState,#Fun<inits.3.74395848>,
                                {127,0,0,1},
                                4567,#Fun<parsers.3.103063368>}]],
                    []},
                {gen_server,terminate,6,[{file,"gen_server.erl"},{line,719}]},
                {proc_lib,init_p_do_apply,3,
                          [{file,"proc_lib.erl"},{line,239}]}]}

=ERROR REPORT==== 16-Sep-2013::14:00:16 ===
** Generic server <0.41.0> terminating 
** Last message in was {'EXIT',<0.40.0>,shutdown}
** When Server state == {comState,#Fun<inits.1.74395848>,
                                  {127,0,0,1},
                                  9204,#Fun<parsers.7.103063368>}
** Reason for termination == 
** {terminated,[{io,format,
                    [<0.36.0>,"Client ~w got shutdown~n",
                     [{comState,#Fun<inits.1.74395848>,
                                {127,0,0,1},
                                9204,#Fun<parsers.7.103063368>}]],
                    []},
                {gen_server,terminate,6,[{file,"gen_server.erl"},{line,719}]},
                {proc_lib,init_p_do_apply,3,
                          [{file,"proc_lib.erl"},{line,239}]}]}

=INFO REPORT==== 16-Sep-2013::14:00:16 ===
    application: modum_core
    exited: {bad_return,
                {{modum_main,start,[normal,[]]},
                 {[{exception,
                       {error,"Missing element in All before end-tag: link"}},
                   {stack,
                       [{all,
                            [{el,[{alt,coordinates,coordinatesType,[],1,1,
                                      true,undefined}],
                                 1,unbound,undefined,8}],
                            7,
                            {linkType,[],"-100170065",1,"1.898000e+01",
                                "1.389000e+01",
                                "697.60,1094.92 690.93,1112.69",
                                "Burwell Street","residential",undefined}},
                        topologyMap]},
                   {received,{endElement,[],"link",[]}}],
                  <0.39.0>}}}
    type: temporary

=INFO REPORT==== 16-Sep-2013::14:00:16 ===
stop_ready([], <0.59.0>)

=ERROR REPORT==== 16-Sep-2013::14:01:16 ===
** Generic server <0.63.0> terminating 
** Last message in was {'EXIT',<0.43.0>,shutdown}
** When Server state == {comState,#Fun<inits.2.74395848>,
                                  {127,0,0,1},
                                  9001,#Fun<parsers.5.103063368>}
** Reason for termination == 
** {terminated,[{io,format,[<0.36.0>,"Server got shutdown~n",[]],[]},
                {gen_server,terminate,6,[{file,"gen_server.erl"},{line,719}]},
                {proc_lib,init_p_do_apply,3,
                          [{file,"proc_lib.erl"},{line,239}]}]}

=ERROR REPORT==== 16-Sep-2013::14:01:16 ===
** Generic server <0.47.0> terminating 
** Last message in was {'EXIT',<0.43.0>,shutdown}
** When Server state == {comState,#Fun<inits.5.74395848>,
                                  {127,0,0,1},
                                  9000,#Fun<parsers.1.103063368>}
** Reason for termination == 
** {terminated,[{io,format,[<0.36.0>,"Server got shutdown~n",[]],[]},
                {gen_server,terminate,6,[{file,"gen_server.erl"},{line,719}]},
                {proc_lib,init_p_do_apply,3,
                          [{file,"proc_lib.erl"},{line,239}]}]}

=ERROR REPORT==== 16-Sep-2013::14:01:16 ===
** Generic server <0.44.0> terminating 
** Last message in was {'EXIT',<0.43.0>,shutdown}
** When Server state == {comState,#Fun<inits.2.74395848>,
                                  {127,0,0,1},
                                  4567,#Fun<parsers.4.103063368>}
** Reason for termination == 
** {terminated,[{io,format,[<0.36.0>,"Server got shutdown~n",[]],[]},
                {gen_server,terminate,6,[{file,"gen_server.erl"},{line,719}]},
                {proc_lib,init_p_do_apply,3,
                          [{file,"proc_lib.erl"},{line,239}]}]}

=ERROR REPORT==== 16-Sep-2013::14:01:16 ===
** Generic server <0.69.0> terminating 
** Last message in was {'EXIT',<0.43.0>,shutdown}
** When Server state == {comState,#Fun<inits.4.74395848>,
                                  {127,0,0,1},
                                  9000,#Fun<parsers.8.103063368>}
** Reason for termination == 
** {terminated,[{io,format,[<0.36.0>,"Server got shutdown~n",[]],[]},
                {gen_server,terminate,6,[{file,"gen_server.erl"},{line,719}]},
                {proc_lib,init_p_do_apply,3,
                          [{file,"proc_lib.erl"},{line,239}]}]}

=ERROR REPORT==== 16-Sep-2013::14:01:16 ===
** Generic server <0.66.0> terminating 
** Last message in was {'EXIT',<0.43.0>,shutdown}
** When Server state == {comState,#Fun<inits.2.74395848>,
                                  {127,0,0,1},
                                  9002,#Fun<parsers.6.103063368>}
** Reason for termination == 
** {terminated,[{io,format,[<0.36.0>,"Server got shutdown~n",[]],[]},
                {gen_server,terminate,6,[{file,"gen_server.erl"},{line,719}]},
                {proc_lib,init_p_do_apply,3,
                          [{file,"proc_lib.erl"},{line,239}]}]}

=ERROR REPORT==== 16-Sep-2013::14:01:16 ===
** Generic server <0.42.0> terminating 
** Last message in was {'EXIT',<0.40.0>,shutdown}
** When Server state == {comState,#Fun<inits.3.74395848>,
                                  {127,0,0,1},
                                  4567,#Fun<parsers.3.103063368>}
** Reason for termination == 
** {terminated,[{io,format,
                    [<0.36.0>,"Client ~w got shutdown~n",
                     [{comState,#Fun<inits.3.74395848>,
                                {127,0,0,1},
                                4567,#Fun<parsers.3.103063368>}]],
                    []},
                {gen_server,terminate,6,[{file,"gen_server.erl"},{line,719}]},
                {proc_lib,init_p_do_apply,3,
                          [{file,"proc_lib.erl"},{line,239}]}]}

=ERROR REPORT==== 16-Sep-2013::14:01:16 ===
** Generic server <0.41.0> terminating 
** Last message in was {'EXIT',<0.40.0>,shutdown}
** When Server state == {comState,#Fun<inits.1.74395848>,
                                  {127,0,0,1},
                                  9204,#Fun<parsers.7.103063368>}
** Reason for termination == 
** {terminated,[{io,format,
                    [<0.36.0>,"Client ~w got shutdown~n",
                     [{comState,#Fun<inits.1.74395848>,
                                {127,0,0,1},
                                9204,#Fun<parsers.7.103063368>}]],
                    []},
                {gen_server,terminate,6,[{file,"gen_server.erl"},{line,719}]},
                {proc_lib,init_p_do_apply,3,
                          [{file,"proc_lib.erl"},{line,239}]}]}

=INFO REPORT==== 16-Sep-2013::14:01:16 ===
    application: modum_core
    exited: {bad_return,
                {{modum_main,start,[normal,[]]},
                 {[{exception,{error,"Unexpected event in All: GPSshape"}},
                   {stack,
                       [{all,
                            [{el,[{alt,linkDesc,
                                      {'#PCDATA',char},
                                      [],1,1,true,undefined}],
                                 1,1,undefined,6},
                             {el,[{alt,roadType,
                                      {'#PCDATA',char},
                                      [],1,1,true,undefined}],
                                 1,1,undefined,7},
                             {el,[{alt,coordinates,coordinatesType,[],1,1,
                                      true,undefined}],
                                 1,unbound,undefined,8}],
                            5,
                            {linkType,[],"-100170062",1,"5.510000e+00",
                                "1.389000e+01","682.18,769.47 677.70,772.67",
                                undefined,undefined,undefined}},
                        topologyMap]},
                   {received,{startElement,[],"GPSshape",[],[]}}],
                  <0.39.0>}}}
    type: temporary

=INFO REPORT==== 16-Sep-2013::14:01:16 ===
stop_ready([], <0.59.0>)

=ERROR REPORT==== 16-Sep-2013::14:03:12 ===
** Generic server <0.63.0> terminating 
** Last message in was {'EXIT',<0.43.0>,shutdown}
** When Server state == {comState,#Fun<inits.2.74395848>,
                                  {127,0,0,1},
                                  9001,#Fun<parsers.5.103063368>}
** Reason for termination == 
** {terminated,[{io,format,[<0.36.0>,"Server got shutdown~n",[]],[]},
                {gen_server,terminate,6,[{file,"gen_server.erl"},{line,719}]},
                {proc_lib,init_p_do_apply,3,
                          [{file,"proc_lib.erl"},{line,239}]}]}

=ERROR REPORT==== 16-Sep-2013::14:03:12 ===
** Generic server <0.47.0> terminating 
** Last message in was {'EXIT',<0.43.0>,shutdown}
** When Server state == {comState,#Fun<inits.5.74395848>,
                                  {127,0,0,1},
                                  9000,#Fun<parsers.1.103063368>}
** Reason for termination == 
** {terminated,[{io,format,[<0.36.0>,"Server got shutdown~n",[]],[]},
                {gen_server,terminate,6,[{file,"gen_server.erl"},{line,719}]},
                {proc_lib,init_p_do_apply,3,
                          [{file,"proc_lib.erl"},{line,239}]}]}

=ERROR REPORT==== 16-Sep-2013::14:03:12 ===
** Generic server <0.44.0> terminating 
** Last message in was {'EXIT',<0.43.0>,shutdown}
** When Server state == {comState,#Fun<inits.2.74395848>,
                                  {127,0,0,1},
                                  4567,#Fun<parsers.4.103063368>}
** Reason for termination == 
** {terminated,[{io,format,[<0.36.0>,"Server got shutdown~n",[]],[]},
                {gen_server,terminate,6,[{file,"gen_server.erl"},{line,719}]},
                {proc_lib,init_p_do_apply,3,
                          [{file,"proc_lib.erl"},{line,239}]}]}

=ERROR REPORT==== 16-Sep-2013::14:03:12 ===
** Generic server <0.69.0> terminating 
** Last message in was {'EXIT',<0.43.0>,shutdown}
** When Server state == {comState,#Fun<inits.4.74395848>,
                                  {127,0,0,1},
                                  9000,#Fun<parsers.8.103063368>}
** Reason for termination == 
** {terminated,[{io,format,[<0.36.0>,"Server got shutdown~n",[]],[]},
                {gen_server,terminate,6,[{file,"gen_server.erl"},{line,719}]},
                {proc_lib,init_p_do_apply,3,
                          [{file,"proc_lib.erl"},{line,239}]}]}

=ERROR REPORT==== 16-Sep-2013::14:03:12 ===
** Generic server <0.66.0> terminating 
** Last message in was {'EXIT',<0.43.0>,shutdown}
** When Server state == {comState,#Fun<inits.2.74395848>,
                                  {127,0,0,1},
                                  9002,#Fun<parsers.6.103063368>}
** Reason for termination == 
** {terminated,[{io,format,[<0.36.0>,"Server got shutdown~n",[]],[]},
                {gen_server,terminate,6,[{file,"gen_server.erl"},{line,719}]},
                {proc_lib,init_p_do_apply,3,
                          [{file,"proc_lib.erl"},{line,239}]}]}

=ERROR REPORT==== 16-Sep-2013::14:03:12 ===
** Generic server <0.42.0> terminating 
** Last message in was {'EXIT',<0.40.0>,shutdown}
** When Server state == {comState,#Fun<inits.3.74395848>,
                                  {127,0,0,1},
                                  4567,#Fun<parsers.3.103063368>}
** Reason for termination == 
** {terminated,[{io,format,
                    [<0.36.0>,"Client ~w got shutdown~n",
                     [{comState,#Fun<inits.3.74395848>,
                                {127,0,0,1},
                                4567,#Fun<parsers.3.103063368>}]],
                    []},
                {gen_server,terminate,6,[{file,"gen_server.erl"},{line,719}]},
                {proc_lib,init_p_do_apply,3,
                          [{file,"proc_lib.erl"},{line,239}]}]}

=ERROR REPORT==== 16-Sep-2013::14:03:12 ===
** Generic server <0.41.0> terminating 
** Last message in was {'EXIT',<0.40.0>,shutdown}
** When Server state == {comState,#Fun<inits.1.74395848>,
                                  {127,0,0,1},
                                  9204,#Fun<parsers.7.103063368>}
** Reason for termination == 
** {terminated,[{io,format,
                    [<0.36.0>,"Client ~w got shutdown~n",
                     [{comState,#Fun<inits.1.74395848>,
                                {127,0,0,1},
                                9204,#Fun<parsers.7.103063368>}]],
                    []},
                {gen_server,terminate,6,[{file,"gen_server.erl"},{line,719}]},
                {proc_lib,init_p_do_apply,3,
                          [{file,"proc_lib.erl"},{line,239}]}]}

=INFO REPORT==== 16-Sep-2013::14:03:12 ===
    application: modum_core
    exited: {bad_return,
                {{modum_main,start,[normal,[]]},
                 {[{exception,{error,"Unexpected event in All: coordinates"}},
                   {stack,
                       [{all,[],9,
                            {linkType,[],"-100170062",1,"5.510000e+00",
                                "1.389000e+01","682.18,769.47 677.70,772.67",
                                "Limpenny Street","residential",
                                "-1.17153874622,52.960376764 -1.17160419361,52.9604065414",
                                {coordinatesType,[],"52.960376764",
                                    "-1.17153874622"}}},
                        topologyMap]},
                   {received,{startElement,[],"coordinates",[],[]}}],
                  <0.39.0>}}}
    type: temporary

=INFO REPORT==== 16-Sep-2013::14:03:12 ===
stop_ready([], <0.59.0>)

=ERROR REPORT==== 16-Sep-2013::14:03:18 ===
** Generic server <0.63.0> terminating 
** Last message in was {'EXIT',<0.43.0>,shutdown}
** When Server state == {comState,#Fun<inits.2.74395848>,
                                  {127,0,0,1},
                                  9001,#Fun<parsers.5.103063368>}
** Reason for termination == 
** {terminated,[{io,format,[<0.36.0>,"Server got shutdown~n",[]],[]},
                {gen_server,terminate,6,[{file,"gen_server.erl"},{line,719}]},
                {proc_lib,init_p_do_apply,3,
                          [{file,"proc_lib.erl"},{line,239}]}]}

=ERROR REPORT==== 16-Sep-2013::14:03:18 ===
** Generic server <0.47.0> terminating 
** Last message in was {'EXIT',<0.43.0>,shutdown}
** When Server state == {comState,#Fun<inits.5.74395848>,
                                  {127,0,0,1},
                                  9000,#Fun<parsers.1.103063368>}
** Reason for termination == 
** {terminated,[{io,format,[<0.36.0>,"Server got shutdown~n",[]],[]},
                {gen_server,terminate,6,[{file,"gen_server.erl"},{line,719}]},
                {proc_lib,init_p_do_apply,3,
                          [{file,"proc_lib.erl"},{line,239}]}]}

=ERROR REPORT==== 16-Sep-2013::14:03:18 ===
** Generic server <0.44.0> terminating 
** Last message in was {'EXIT',<0.43.0>,shutdown}
** When Server state == {comState,#Fun<inits.2.74395848>,
                                  {127,0,0,1},
                                  4567,#Fun<parsers.4.103063368>}
** Reason for termination == 
** {terminated,[{io,format,[<0.36.0>,"Server got shutdown~n",[]],[]},
                {gen_server,terminate,6,[{file,"gen_server.erl"},{line,719}]},
                {proc_lib,init_p_do_apply,3,
                          [{file,"proc_lib.erl"},{line,239}]}]}

=ERROR REPORT==== 16-Sep-2013::14:03:18 ===
** Generic server <0.69.0> terminating 
** Last message in was {'EXIT',<0.43.0>,shutdown}
** When Server state == {comState,#Fun<inits.4.74395848>,
                                  {127,0,0,1},
                                  9000,#Fun<parsers.8.103063368>}
** Reason for termination == 
** {terminated,[{io,format,[<0.36.0>,"Server got shutdown~n",[]],[]},
                {gen_server,terminate,6,[{file,"gen_server.erl"},{line,719}]},
                {proc_lib,init_p_do_apply,3,
                          [{file,"proc_lib.erl"},{line,239}]}]}

=ERROR REPORT==== 16-Sep-2013::14:03:18 ===
** Generic server <0.66.0> terminating 
** Last message in was {'EXIT',<0.43.0>,shutdown}
** When Server state == {comState,#Fun<inits.2.74395848>,
                                  {127,0,0,1},
                                  9002,#Fun<parsers.6.103063368>}
** Reason for termination == 
** {terminated,[{io,format,[<0.36.0>,"Server got shutdown~n",[]],[]},
                {gen_server,terminate,6,[{file,"gen_server.erl"},{line,719}]},
                {proc_lib,init_p_do_apply,3,
                          [{file,"proc_lib.erl"},{line,239}]}]}

=ERROR REPORT==== 16-Sep-2013::14:03:18 ===
** Generic server <0.42.0> terminating 
** Last message in was {'EXIT',<0.40.0>,shutdown}
** When Server state == {comState,#Fun<inits.3.74395848>,
                                  {127,0,0,1},
                                  4567,#Fun<parsers.3.103063368>}
** Reason for termination == 
** {terminated,[{io,format,
                    [<0.36.0>,"Client ~w got shutdown~n",
                     [{comState,#Fun<inits.3.74395848>,
                                {127,0,0,1},
                                4567,#Fun<parsers.3.103063368>}]],
                    []},
                {gen_server,terminate,6,[{file,"gen_server.erl"},{line,719}]},
                {proc_lib,init_p_do_apply,3,
                          [{file,"proc_lib.erl"},{line,239}]}]}

=ERROR REPORT==== 16-Sep-2013::14:03:18 ===
** Generic server <0.41.0> terminating 
** Last message in was {'EXIT',<0.40.0>,shutdown}
** When Server state == {comState,#Fun<inits.1.74395848>,
                                  {127,0,0,1},
                                  9204,#Fun<parsers.7.103063368>}
** Reason for termination == 
** {terminated,[{io,format,
                    [<0.36.0>,"Client ~w got shutdown~n",
                     [{comState,#Fun<inits.1.74395848>,
                                {127,0,0,1},
                                9204,#Fun<parsers.7.103063368>}]],
                    []},
                {gen_server,terminate,6,[{file,"gen_server.erl"},{line,719}]},
                {proc_lib,init_p_do_apply,3,
                          [{file,"proc_lib.erl"},{line,239}]}]}

=INFO REPORT==== 16-Sep-2013::14:03:18 ===
    application: modum_core
    exited: {bad_return,
                {{modum_main,start,[normal,[]]},
                 {[{exception,{error,"Unexpected event in All: coordinates"}},
                   {stack,
                       [{all,[],9,
                            {linkType,[],"-100170062",1,"5.510000e+00",
                                "1.389000e+01","682.18,769.47 677.70,772.67",
                                "Limpenny Street","residential",
                                "-1.17153874622,52.960376764 -1.17160419361,52.9604065414",
                                {coordinatesType,[],"52.960376764",
                                    "-1.17153874622"}}},
                        topologyMap]},
                   {received,{startElement,[],"coordinates",[],[]}}],
                  <0.39.0>}}}
    type: temporary

=INFO REPORT==== 16-Sep-2013::14:03:18 ===
stop_ready([], <0.59.0>)

=ERROR REPORT==== 16-Sep-2013::14:04:48 ===
** Generic server <0.63.0> terminating 
** Last message in was {'EXIT',<0.43.0>,shutdown}
** When Server state == {comState,#Fun<inits.2.74395848>,
                                  {127,0,0,1},
                                  9001,#Fun<parsers.5.103063368>}
** Reason for termination == 
** {terminated,[{io,format,[<0.36.0>,"Server got shutdown~n",[]],[]},
                {gen_server,terminate,6,[{file,"gen_server.erl"},{line,719}]},
                {proc_lib,init_p_do_apply,3,
                          [{file,"proc_lib.erl"},{line,239}]}]}

=ERROR REPORT==== 16-Sep-2013::14:04:48 ===
** Generic server <0.47.0> terminating 
** Last message in was {'EXIT',<0.43.0>,shutdown}
** When Server state == {comState,#Fun<inits.5.74395848>,
                                  {127,0,0,1},
                                  9000,#Fun<parsers.1.103063368>}
** Reason for termination == 
** {terminated,[{io,format,[<0.36.0>,"Server got shutdown~n",[]],[]},
                {gen_server,terminate,6,[{file,"gen_server.erl"},{line,719}]},
                {proc_lib,init_p_do_apply,3,
                          [{file,"proc_lib.erl"},{line,239}]}]}

=ERROR REPORT==== 16-Sep-2013::14:04:48 ===
** Generic server <0.44.0> terminating 
** Last message in was {'EXIT',<0.43.0>,shutdown}
** When Server state == {comState,#Fun<inits.2.74395848>,
                                  {127,0,0,1},
                                  4567,#Fun<parsers.4.103063368>}
** Reason for termination == 
** {terminated,[{io,format,[<0.36.0>,"Server got shutdown~n",[]],[]},
                {gen_server,terminate,6,[{file,"gen_server.erl"},{line,719}]},
                {proc_lib,init_p_do_apply,3,
                          [{file,"proc_lib.erl"},{line,239}]}]}

=ERROR REPORT==== 16-Sep-2013::14:04:48 ===
** Generic server <0.69.0> terminating 
** Last message in was {'EXIT',<0.43.0>,shutdown}
** When Server state == {comState,#Fun<inits.4.74395848>,
                                  {127,0,0,1},
                                  9000,#Fun<parsers.8.103063368>}
** Reason for termination == 
** {terminated,[{io,format,[<0.36.0>,"Server got shutdown~n",[]],[]},
                {gen_server,terminate,6,[{file,"gen_server.erl"},{line,719}]},
                {proc_lib,init_p_do_apply,3,
                          [{file,"proc_lib.erl"},{line,239}]}]}

=ERROR REPORT==== 16-Sep-2013::14:04:48 ===
** Generic server <0.66.0> terminating 
** Last message in was {'EXIT',<0.43.0>,shutdown}
** When Server state == {comState,#Fun<inits.2.74395848>,
                                  {127,0,0,1},
                                  9002,#Fun<parsers.6.103063368>}
** Reason for termination == 
** {terminated,[{io,format,[<0.36.0>,"Server got shutdown~n",[]],[]},
                {gen_server,terminate,6,[{file,"gen_server.erl"},{line,719}]},
                {proc_lib,init_p_do_apply,3,
                          [{file,"proc_lib.erl"},{line,239}]}]}

=ERROR REPORT==== 16-Sep-2013::14:04:48 ===
** Generic server <0.42.0> terminating 
** Last message in was {'EXIT',<0.40.0>,shutdown}
** When Server state == {comState,#Fun<inits.3.74395848>,
                                  {127,0,0,1},
                                  4567,#Fun<parsers.3.103063368>}
** Reason for termination == 
** {terminated,[{io,format,
                    [<0.36.0>,"Client ~w got shutdown~n",
                     [{comState,#Fun<inits.3.74395848>,
                                {127,0,0,1},
                                4567,#Fun<parsers.3.103063368>}]],
                    []},
                {gen_server,terminate,6,[{file,"gen_server.erl"},{line,719}]},
                {proc_lib,init_p_do_apply,3,
                          [{file,"proc_lib.erl"},{line,239}]}]}

=ERROR REPORT==== 16-Sep-2013::14:04:48 ===
** Generic server <0.41.0> terminating 
** Last message in was {'EXIT',<0.40.0>,shutdown}
** When Server state == {comState,#Fun<inits.1.74395848>,
                                  {127,0,0,1},
                                  9204,#Fun<parsers.7.103063368>}
** Reason for termination == 
** {terminated,[{io,format,
                    [<0.36.0>,"Client ~w got shutdown~n",
                     [{comState,#Fun<inits.1.74395848>,
                                {127,0,0,1},
                                9204,#Fun<parsers.7.103063368>}]],
                    []},
                {gen_server,terminate,6,[{file,"gen_server.erl"},{line,719}]},
                {proc_lib,init_p_do_apply,3,
                          [{file,"proc_lib.erl"},{line,239}]}]}

=INFO REPORT==== 16-Sep-2013::14:04:48 ===
    application: modum_core
    exited: {bad_return,
                {{modum_main,start,[normal,[]]},
                 {[{exception,{error,"Unexpected event in All: coordinates"}},
                   {stack,
                       [{all,[],9,
                            {linkType,[],"-100170062",1,"5.510000e+00",
                                "1.389000e+01","682.18,769.47 677.70,772.67",
                                "Limpenny Street","residential",
                                "-1.17153874622,52.960376764 -1.17160419361,52.9604065414",
                                {coordinatesType,[],"52.960376764",
                                    "-1.17153874622"}}},
                        topologyMap]},
                   {received,{startElement,[],"coordinates",[],[]}}],
                  <0.39.0>}}}
    type: temporary

=INFO REPORT==== 16-Sep-2013::14:04:48 ===
stop_ready([], <0.59.0>)

=ERROR REPORT==== 16-Sep-2013::14:05:46 ===
** Generic server <0.63.0> terminating 
** Last message in was {'EXIT',<0.43.0>,shutdown}
** When Server state == {comState,#Fun<inits.2.74395848>,
                                  {127,0,0,1},
                                  9001,#Fun<parsers.5.103063368>}
** Reason for termination == 
** {terminated,[{io,format,[<0.36.0>,"Server got shutdown~n",[]],[]},
                {gen_server,terminate,6,[{file,"gen_server.erl"},{line,719}]},
                {proc_lib,init_p_do_apply,3,
                          [{file,"proc_lib.erl"},{line,239}]}]}

=ERROR REPORT==== 16-Sep-2013::14:05:46 ===
** Generic server <0.47.0> terminating 
** Last message in was {'EXIT',<0.43.0>,shutdown}
** When Server state == {comState,#Fun<inits.5.74395848>,
                                  {127,0,0,1},
                                  9000,#Fun<parsers.1.103063368>}
** Reason for termination == 
** {terminated,[{io,format,[<0.36.0>,"Server got shutdown~n",[]],[]},
                {gen_server,terminate,6,[{file,"gen_server.erl"},{line,719}]},
                {proc_lib,init_p_do_apply,3,
                          [{file,"proc_lib.erl"},{line,239}]}]}

=ERROR REPORT==== 16-Sep-2013::14:05:46 ===
** Generic server <0.44.0> terminating 
** Last message in was {'EXIT',<0.43.0>,shutdown}
** When Server state == {comState,#Fun<inits.2.74395848>,
                                  {127,0,0,1},
                                  4567,#Fun<parsers.4.103063368>}
** Reason for termination == 
** {terminated,[{io,format,[<0.36.0>,"Server got shutdown~n",[]],[]},
                {gen_server,terminate,6,[{file,"gen_server.erl"},{line,719}]},
                {proc_lib,init_p_do_apply,3,
                          [{file,"proc_lib.erl"},{line,239}]}]}

=ERROR REPORT==== 16-Sep-2013::14:05:46 ===
** Generic server <0.69.0> terminating 
** Last message in was {'EXIT',<0.43.0>,shutdown}
** When Server state == {comState,#Fun<inits.4.74395848>,
                                  {127,0,0,1},
                                  9000,#Fun<parsers.8.103063368>}
** Reason for termination == 
** {terminated,[{io,format,[<0.36.0>,"Server got shutdown~n",[]],[]},
                {gen_server,terminate,6,[{file,"gen_server.erl"},{line,719}]},
                {proc_lib,init_p_do_apply,3,
                          [{file,"proc_lib.erl"},{line,239}]}]}

=ERROR REPORT==== 16-Sep-2013::14:05:46 ===
** Generic server <0.66.0> terminating 
** Last message in was {'EXIT',<0.43.0>,shutdown}
** When Server state == {comState,#Fun<inits.2.74395848>,
                                  {127,0,0,1},
                                  9002,#Fun<parsers.6.103063368>}
** Reason for termination == 
** {terminated,[{io,format,[<0.36.0>,"Server got shutdown~n",[]],[]},
                {gen_server,terminate,6,[{file,"gen_server.erl"},{line,719}]},
                {proc_lib,init_p_do_apply,3,
                          [{file,"proc_lib.erl"},{line,239}]}]}

=ERROR REPORT==== 16-Sep-2013::14:05:46 ===
** Generic server <0.42.0> terminating 
** Last message in was {'EXIT',<0.40.0>,shutdown}
** When Server state == {comState,#Fun<inits.3.74395848>,
                                  {127,0,0,1},
                                  4567,#Fun<parsers.3.103063368>}
** Reason for termination == 
** {terminated,[{io,format,
                    [<0.36.0>,"Client ~w got shutdown~n",
                     [{comState,#Fun<inits.3.74395848>,
                                {127,0,0,1},
                                4567,#Fun<parsers.3.103063368>}]],
                    []},
                {gen_server,terminate,6,[{file,"gen_server.erl"},{line,719}]},
                {proc_lib,init_p_do_apply,3,
                          [{file,"proc_lib.erl"},{line,239}]}]}

=ERROR REPORT==== 16-Sep-2013::14:05:46 ===
** Generic server <0.41.0> terminating 
** Last message in was {'EXIT',<0.40.0>,shutdown}
** When Server state == {comState,#Fun<inits.1.74395848>,
                                  {127,0,0,1},
                                  9204,#Fun<parsers.7.103063368>}
** Reason for termination == 
** {terminated,[{io,format,
                    [<0.36.0>,"Client ~w got shutdown~n",
                     [{comState,#Fun<inits.1.74395848>,
                                {127,0,0,1},
                                9204,#Fun<parsers.7.103063368>}]],
                    []},
                {gen_server,terminate,6,[{file,"gen_server.erl"},{line,719}]},
                {proc_lib,init_p_do_apply,3,
                          [{file,"proc_lib.erl"},{line,239}]}]}

=INFO REPORT==== 16-Sep-2013::14:05:46 ===
    application: modum_core
    exited: {bad_return,
                {{modum_main,start,[normal,[]]},
                 {[{exception,{error,"Unexpected event in All: coordinates"}},
                   {stack,
                       [{all,[],9,
                            {linkType,[],"-100170062",1,"5.510000e+00",
                                "1.389000e+01","682.18,769.47 677.70,772.67",
                                "Limpenny Street","residential",
                                "-1.17153874622,52.960376764 -1.17160419361,52.9604065414",
                                {coordinatesType,[],"52.960376764",
                                    "-1.17153874622"}}},
                        topologyMap]},
                   {received,{startElement,[],"coordinates",[],[]}}],
                  <0.39.0>}}}
    type: temporary

=INFO REPORT==== 16-Sep-2013::14:05:46 ===
stop_ready([], <0.59.0>)

=ERROR REPORT==== 16-Sep-2013::14:07:44 ===
** Generic server <0.63.0> terminating 
** Last message in was {'EXIT',<0.43.0>,shutdown}
** When Server state == {comState,#Fun<inits.2.74395848>,
                                  {127,0,0,1},
                                  9001,#Fun<parsers.5.103063368>}
** Reason for termination == 
** {terminated,[{io,format,[<0.36.0>,"Server got shutdown~n",[]],[]},
                {gen_server,terminate,6,[{file,"gen_server.erl"},{line,719}]},
                {proc_lib,init_p_do_apply,3,
                          [{file,"proc_lib.erl"},{line,239}]}]}

=ERROR REPORT==== 16-Sep-2013::14:07:44 ===
** Generic server <0.47.0> terminating 
** Last message in was {'EXIT',<0.43.0>,shutdown}
** When Server state == {comState,#Fun<inits.5.74395848>,
                                  {127,0,0,1},
                                  9000,#Fun<parsers.1.103063368>}
** Reason for termination == 
** {terminated,[{io,format,[<0.36.0>,"Server got shutdown~n",[]],[]},
                {gen_server,terminate,6,[{file,"gen_server.erl"},{line,719}]},
                {proc_lib,init_p_do_apply,3,
                          [{file,"proc_lib.erl"},{line,239}]}]}

=ERROR REPORT==== 16-Sep-2013::14:07:44 ===
** Generic server <0.44.0> terminating 
** Last message in was {'EXIT',<0.43.0>,shutdown}
** When Server state == {comState,#Fun<inits.2.74395848>,
                                  {127,0,0,1},
                                  4567,#Fun<parsers.4.103063368>}
** Reason for termination == 
** {terminated,[{io,format,[<0.36.0>,"Server got shutdown~n",[]],[]},
                {gen_server,terminate,6,[{file,"gen_server.erl"},{line,719}]},
                {proc_lib,init_p_do_apply,3,
                          [{file,"proc_lib.erl"},{line,239}]}]}

=ERROR REPORT==== 16-Sep-2013::14:07:44 ===
** Generic server <0.69.0> terminating 
** Last message in was {'EXIT',<0.43.0>,shutdown}
** When Server state == {comState,#Fun<inits.4.74395848>,
                                  {127,0,0,1},
                                  9000,#Fun<parsers.8.103063368>}
** Reason for termination == 
** {terminated,[{io,format,[<0.36.0>,"Server got shutdown~n",[]],[]},
                {gen_server,terminate,6,[{file,"gen_server.erl"},{line,719}]},
                {proc_lib,init_p_do_apply,3,
                          [{file,"proc_lib.erl"},{line,239}]}]}

=ERROR REPORT==== 16-Sep-2013::14:07:44 ===
** Generic server <0.66.0> terminating 
** Last message in was {'EXIT',<0.43.0>,shutdown}
** When Server state == {comState,#Fun<inits.2.74395848>,
                                  {127,0,0,1},
                                  9002,#Fun<parsers.6.103063368>}
** Reason for termination == 
** {terminated,[{io,format,[<0.36.0>,"Server got shutdown~n",[]],[]},
                {gen_server,terminate,6,[{file,"gen_server.erl"},{line,719}]},
                {proc_lib,init_p_do_apply,3,
                          [{file,"proc_lib.erl"},{line,239}]}]}

=ERROR REPORT==== 16-Sep-2013::14:07:44 ===
** Generic server <0.42.0> terminating 
** Last message in was {'EXIT',<0.40.0>,shutdown}
** When Server state == {comState,#Fun<inits.3.74395848>,
                                  {127,0,0,1},
                                  4567,#Fun<parsers.3.103063368>}
** Reason for termination == 
** {terminated,[{io,format,
                    [<0.36.0>,"Client ~w got shutdown~n",
                     [{comState,#Fun<inits.3.74395848>,
                                {127,0,0,1},
                                4567,#Fun<parsers.3.103063368>}]],
                    []},
                {gen_server,terminate,6,[{file,"gen_server.erl"},{line,719}]},
                {proc_lib,init_p_do_apply,3,
                          [{file,"proc_lib.erl"},{line,239}]}]}

=ERROR REPORT==== 16-Sep-2013::14:07:44 ===
** Generic server <0.41.0> terminating 
** Last message in was {'EXIT',<0.40.0>,shutdown}
** When Server state == {comState,#Fun<inits.1.74395848>,
                                  {127,0,0,1},
                                  9204,#Fun<parsers.7.103063368>}
** Reason for termination == 
** {terminated,[{io,format,
                    [<0.36.0>,"Client ~w got shutdown~n",
                     [{comState,#Fun<inits.1.74395848>,
                                {127,0,0,1},
                                9204,#Fun<parsers.7.103063368>}]],
                    []},
                {gen_server,terminate,6,[{file,"gen_server.erl"},{line,719}]},
                {proc_lib,init_p_do_apply,3,
                          [{file,"proc_lib.erl"},{line,239}]}]}

=INFO REPORT==== 16-Sep-2013::14:07:44 ===
    application: modum_core
    exited: {bad_return,
                {{modum_main,start,[normal,[]]},
                 {[{exception,{error,"Missing element before: GPSshape"}},
                   {stack,[linkType,topologyMap]},
                   {received,{startElement,[],"GPSshape",[],[]}}],
                  <0.39.0>}}}
    type: temporary

=INFO REPORT==== 16-Sep-2013::14:07:44 ===
stop_ready([], <0.59.0>)

=ERROR REPORT==== 16-Sep-2013::14:08:42 ===
Error in process <0.39.0> with exit value: {function_clause,[{modum_main,'-parse_map/1-fun-1-',[{nodeType,[],"252273758","Newstead Grove and North Sherwood Street",[{linkPairType,[],"-29157766#0","-23304112#1"},{linkPairType,[],"-29157766#0","-118712661"},{linkPairType... 


=ERROR REPORT==== 16-Sep-2013::14:08:52 ===
** Generic server <0.63.0> terminating 
** Last message in was {'EXIT',<0.43.0>,shutdown}
** When Server state == {comState,#Fun<inits.2.74395848>,
                                  {127,0,0,1},
                                  9001,#Fun<parsers.5.103063368>}
** Reason for termination == 
** {terminated,[{io,format,[<0.36.0>,"Server got shutdown~n",[]],[]},
                {gen_server,terminate,6,[{file,"gen_server.erl"},{line,719}]},
                {proc_lib,init_p_do_apply,3,
                          [{file,"proc_lib.erl"},{line,239}]}]}

=ERROR REPORT==== 16-Sep-2013::14:08:52 ===
** Generic server <0.47.0> terminating 
** Last message in was {'EXIT',<0.43.0>,shutdown}
** When Server state == {comState,#Fun<inits.5.74395848>,
                                  {127,0,0,1},
                                  9000,#Fun<parsers.1.103063368>}
** Reason for termination == 
** {terminated,[{io,format,[<0.36.0>,"Server got shutdown~n",[]],[]},
                {gen_server,terminate,6,[{file,"gen_server.erl"},{line,719}]},
                {proc_lib,init_p_do_apply,3,
                          [{file,"proc_lib.erl"},{line,239}]}]}

=ERROR REPORT==== 16-Sep-2013::14:08:52 ===
** Generic server <0.44.0> terminating 
** Last message in was {'EXIT',<0.43.0>,shutdown}
** When Server state == {comState,#Fun<inits.2.74395848>,
                                  {127,0,0,1},
                                  4567,#Fun<parsers.4.103063368>}
** Reason for termination == 
** {terminated,[{io,format,[<0.36.0>,"Server got shutdown~n",[]],[]},
                {gen_server,terminate,6,[{file,"gen_server.erl"},{line,719}]},
                {proc_lib,init_p_do_apply,3,
                          [{file,"proc_lib.erl"},{line,239}]}]}

=ERROR REPORT==== 16-Sep-2013::14:08:52 ===
** Generic server <0.69.0> terminating 
** Last message in was {'EXIT',<0.43.0>,shutdown}
** When Server state == {comState,#Fun<inits.4.74395848>,
                                  {127,0,0,1},
                                  9000,#Fun<parsers.8.103063368>}
** Reason for termination == 
** {terminated,[{io,format,[<0.36.0>,"Server got shutdown~n",[]],[]},
                {gen_server,terminate,6,[{file,"gen_server.erl"},{line,719}]},
                {proc_lib,init_p_do_apply,3,
                          [{file,"proc_lib.erl"},{line,239}]}]}

=ERROR REPORT==== 16-Sep-2013::14:08:52 ===
** Generic server <0.66.0> terminating 
** Last message in was {'EXIT',<0.43.0>,shutdown}
** When Server state == {comState,#Fun<inits.2.74395848>,
                                  {127,0,0,1},
                                  9002,#Fun<parsers.6.103063368>}
** Reason for termination == 
** {terminated,[{io,format,[<0.36.0>,"Server got shutdown~n",[]],[]},
                {gen_server,terminate,6,[{file,"gen_server.erl"},{line,719}]},
                {proc_lib,init_p_do_apply,3,
                          [{file,"proc_lib.erl"},{line,239}]}]}

=ERROR REPORT==== 16-Sep-2013::14:08:52 ===
** Generic server <0.42.0> terminating 
** Last message in was {'EXIT',<0.40.0>,shutdown}
** When Server state == {comState,#Fun<inits.3.74395848>,
                                  {127,0,0,1},
                                  4567,#Fun<parsers.3.103063368>}
** Reason for termination == 
** {terminated,[{io,format,
                    [<0.36.0>,"Client ~w got shutdown~n",
                     [{comState,#Fun<inits.3.74395848>,
                                {127,0,0,1},
                                4567,#Fun<parsers.3.103063368>}]],
                    []},
                {gen_server,terminate,6,[{file,"gen_server.erl"},{line,719}]},
                {proc_lib,init_p_do_apply,3,
                          [{file,"proc_lib.erl"},{line,239}]}]}

=ERROR REPORT==== 16-Sep-2013::14:08:52 ===
** Generic server <0.41.0> terminating 
** Last message in was {'EXIT',<0.40.0>,shutdown}
** When Server state == {comState,#Fun<inits.1.74395848>,
                                  {127,0,0,1},
                                  9204,#Fun<parsers.7.103063368>}
** Reason for termination == 
** {terminated,[{io,format,
                    [<0.36.0>,"Client ~w got shutdown~n",
                     [{comState,#Fun<inits.1.74395848>,
                                {127,0,0,1},
                                9204,#Fun<parsers.7.103063368>}]],
                    []},
                {gen_server,terminate,6,[{file,"gen_server.erl"},{line,719}]},
                {proc_lib,init_p_do_apply,3,
                          [{file,"proc_lib.erl"},{line,239}]}]}

=INFO REPORT==== 16-Sep-2013::14:08:52 ===
    application: modum_core
    exited: {bad_return,{{modum_main,start,[normal,[]]},error}}
    type: temporary

=INFO REPORT==== 16-Sep-2013::14:08:52 ===
stop_ready([], <0.59.0>)

=ERROR REPORT==== 16-Sep-2013::14:09:52 ===
Error in process <0.39.0> with exit value: {function_clause,[{modum_main,'-parse_map/1-fun-1-',[{nodeType,[],"252273758","Newstead Grove and North Sherwood Street",[{linkPairType,[],"-29157766#0","-23304112#1"},{linkPairType,[],"-29157766#0","-118712661"},{linkPairType... 


=ERROR REPORT==== 16-Sep-2013::14:10:58 ===
Error in process <0.39.0> with exit value: {function_clause,[{modum_main,'-parse_map/1-fun-1-',[{nodeType,[],"252273758","Newstead Grove and North Sherwood Street",[{linkPairType,[],"-29157766#0","-23304112#1"},{linkPairType,[],"-29157766#0","-118712661"},{linkPairType... 

